<?xml version="1.0" encoding="UTF-8"?>
<testng-results ignored="2" total="4" passed="1" failed="1" skipped="0">
  <reporter-output>
  </reporter-output>
  <suite started-at="2024-01-05T10:44:02 IST" name="Suite" finished-at="2024-01-05T10:44:12 IST" duration-ms="9743">
    <groups>
      <group name="RegressionSuite">
        <method signature="TestCreateOrgRecord.CreateNewOrgWithGroupRadio()[pri:0, instance:OrganizationsTests.TestCreateOrgRecord@2f177a4b]" name="CreateNewOrgWithGroupRadio" class="OrganizationsTests.TestCreateOrgRecord"/>
        <method signature="TestCreateContact.createContactwithLastname()[pri:0, instance:contactTests.TestCreateContact@7219ec67]" name="createContactwithLastname" class="contactTests.TestCreateContact"/>
      </group> <!-- RegressionSuite -->
    </groups>
    <test started-at="2024-01-05T10:44:02 IST" name="Test" finished-at="2024-01-05T10:44:12 IST" duration-ms="9743">
      <class name="contactTests.TestCreateContact">
        <test-method is-config="true" signature="dbConnection()[pri:0, instance:contactTests.TestCreateContact@7219ec67]" started-at="2024-01-05T10:44:02 IST" name="dbConnection" finished-at="2024-01-05T10:44:02 IST" duration-ms="7" status="PASS">
          <reporter-output>
          </reporter-output>
        </test-method> <!-- dbConnection -->
        <test-method is-config="true" signature="bcconfig()[pri:0, instance:contactTests.TestCreateContact@7219ec67]" started-at="2024-01-05T10:44:02 IST" name="bcconfig" finished-at="2024-01-05T10:44:05 IST" duration-ms="2770" status="PASS">
          <reporter-output>
          </reporter-output>
        </test-method> <!-- bcconfig -->
        <test-method is-config="true" signature="bmConfig()[pri:0, instance:contactTests.TestCreateContact@7219ec67]" started-at="2024-01-05T10:44:05 IST" name="bmConfig" finished-at="2024-01-05T10:44:06 IST" duration-ms="561" status="PASS">
          <reporter-output>
          </reporter-output>
        </test-method> <!-- bmConfig -->
        <test-method signature="createContactwithLastname()[pri:0, instance:contactTests.TestCreateContact@7219ec67]" started-at="2024-01-05T10:44:06 IST" name="createContactwithLastname" finished-at="2024-01-05T10:44:07 IST" duration-ms="1471" status="PASS">
          <reporter-output>
          </reporter-output>
        </test-method> <!-- createContactwithLastname -->
        <test-method is-config="true" signature="amConfig()[pri:0, instance:contactTests.TestCreateContact@7219ec67]" started-at="2024-01-05T10:44:07 IST" name="amConfig" finished-at="2024-01-05T10:44:08 IST" duration-ms="282" status="PASS">
          <reporter-output>
          </reporter-output>
        </test-method> <!-- amConfig -->
        <test-method is-config="true" signature="acConfig()[pri:0, instance:contactTests.TestCreateContact@7219ec67]" started-at="2024-01-05T10:44:08 IST" name="acConfig" finished-at="2024-01-05T10:44:08 IST" duration-ms="172" status="PASS">
          <reporter-output>
          </reporter-output>
        </test-method> <!-- acConfig -->
        <test-method is-config="true" signature="asConfig()[pri:0, instance:contactTests.TestCreateContact@7219ec67]" started-at="2024-01-05T10:44:17 IST" name="asConfig" finished-at="2024-01-05T10:44:17 IST" duration-ms="1" status="PASS">
          <reporter-output>
          </reporter-output>
        </test-method> <!-- asConfig -->
      </class> <!-- contactTests.TestCreateContact -->
      <class name="OrganizationsTests.TestCreateOrgRecord">
        <test-method is-config="true" signature="bcconfig()[pri:0, instance:OrganizationsTests.TestCreateOrgRecord@2f177a4b]" started-at="2024-01-05T10:44:08 IST" name="bcconfig" finished-at="2024-01-05T10:44:10 IST" duration-ms="1801" status="PASS">
          <reporter-output>
          </reporter-output>
        </test-method> <!-- bcconfig -->
        <test-method signature="CreateNewOrgWithGroupRadio()[pri:0, instance:OrganizationsTests.TestCreateOrgRecord@2f177a4b]" started-at="2024-01-05T10:44:10 IST" name="CreateNewOrgWithGroupRadio" finished-at="2024-01-05T10:44:11 IST" duration-ms="1756" status="FAIL">
          <exception class="org.openqa.selenium.UnhandledAlertException">
            <message>
              <![CDATA[unexpected alert open: {Alert text : Organization Name Already Exists!}
  (Session info: MicrosoftEdge=120.0.2210.91): Organization Name Already Exists!
Build info: version: '4.12.1', revision: '8e34639b11'
System info: os.name: 'Mac OS X', os.arch: 'x86_64', os.version: '12.7.2', java.version: '21.0.1'
Driver info: org.openqa.selenium.edge.EdgeDriver
Command: [b9dafcad45bf32d8165c99e99091fcb4, screenshot {}]
Capabilities {acceptInsecureCerts: false, browserName: MicrosoftEdge, browserVersion: 120.0.2210.91, fedcm:accounts: true, ms:edgeOptions: {debuggerAddress: localhost:54113}, msedge: {msedgedriverVersion: 120.0.2210.91 (f469d579f138..., userDataDir: /var/folders/gf/s2ndh_4n6_d...}, networkConnectionEnabled: false, pageLoadStrategy: normal, platformName: mac, proxy: Proxy(), se:cdp: ws://localhost:54113/devtoo..., se:cdpVersion: 120.0.2210.91, setWindowRect: true, strictFileInteractability: false, timeouts: {implicit: 0, pageLoad: 300000, script: 30000}, unhandledPromptBehavior: dismiss and notify, webauthn:extension:credBlob: true, webauthn:extension:largeBlob: true, webauthn:extension:minPinLength: true, webauthn:extension:prf: true, webauthn:virtualAuthenticators: true}
Session ID: b9dafcad45bf32d8165c99e99091fcb4]]>
            </message>
            <full-stacktrace>
              <![CDATA[org.openqa.selenium.UnhandledAlertException: unexpected alert open: {Alert text : Organization Name Already Exists!}
  (Session info: MicrosoftEdge=120.0.2210.91): Organization Name Already Exists!
Build info: version: '4.12.1', revision: '8e34639b11'
System info: os.name: 'Mac OS X', os.arch: 'x86_64', os.version: '12.7.2', java.version: '21.0.1'
Driver info: org.openqa.selenium.edge.EdgeDriver
Command: [b9dafcad45bf32d8165c99e99091fcb4, screenshot {}]
Capabilities {acceptInsecureCerts: false, browserName: MicrosoftEdge, browserVersion: 120.0.2210.91, fedcm:accounts: true, ms:edgeOptions: {debuggerAddress: localhost:54113}, msedge: {msedgedriverVersion: 120.0.2210.91 (f469d579f138..., userDataDir: /var/folders/gf/s2ndh_4n6_d...}, networkConnectionEnabled: false, pageLoadStrategy: normal, platformName: mac, proxy: Proxy(), se:cdp: ws://localhost:54113/devtoo..., se:cdpVersion: 120.0.2210.91, setWindowRect: true, strictFileInteractability: false, timeouts: {implicit: 0, pageLoad: 300000, script: 30000}, unhandledPromptBehavior: dismiss and notify, webauthn:extension:credBlob: true, webauthn:extension:largeBlob: true, webauthn:extension:minPinLength: true, webauthn:extension:prf: true, webauthn:virtualAuthenticators: true}
Session ID: b9dafcad45bf32d8165c99e99091fcb4
at org.openqa.selenium.remote.codec.w3c.W3CHttpResponseCodec.decode(W3CHttpResponseCodec.java:131)
at org.openqa.selenium.remote.codec.w3c.W3CHttpResponseCodec.decode(W3CHttpResponseCodec.java:52)
at org.openqa.selenium.remote.HttpCommandExecutor.execute(HttpCommandExecutor.java:191)
at org.openqa.selenium.remote.service.DriverCommandExecutor.invokeExecute(DriverCommandExecutor.java:196)
at org.openqa.selenium.remote.service.DriverCommandExecutor.execute(DriverCommandExecutor.java:171)
at org.openqa.selenium.remote.RemoteWebDriver.execute(RemoteWebDriver.java:602)
at org.openqa.selenium.remote.RemoteWebDriver.execute(RemoteWebDriver.java:675)
at org.openqa.selenium.remote.RemoteWebDriver.execute(RemoteWebDriver.java:679)
at org.openqa.selenium.remote.RemoteWebDriver.getScreenshotAs(RemoteWebDriver.java:325)
at genericUtilities.SeleniumUtility.captureScreenShot(SeleniumUtility.java:253)
at genericUtilities.ListenersImplimentation.onTestFailure(ListenersImplimentation.java:50)
at org.testng.internal.TestListenerHelper.runTestListeners(TestListenerHelper.java:99)
at org.testng.internal.invokers.TestInvoker.runTestResultListener(TestInvoker.java:275)
at org.testng.internal.invokers.TestInvoker.invokeMethod(TestInvoker.java:728)
at org.testng.internal.invokers.TestInvoker.invokeTestMethod(TestInvoker.java:219)
at org.testng.internal.invokers.MethodRunner.runInSequence(MethodRunner.java:50)
at org.testng.internal.invokers.TestInvoker$MethodInvocationAgent.invoke(TestInvoker.java:923)
at org.testng.internal.invokers.TestInvoker.invokeTestMethods(TestInvoker.java:192)
at org.testng.internal.invokers.TestMethodWorker.invokeTestMethods(TestMethodWorker.java:146)
at org.testng.internal.invokers.TestMethodWorker.run(TestMethodWorker.java:128)
at java.base/java.util.ArrayList.forEach(ArrayList.java:1596)
at org.testng.TestRunner.privateRun(TestRunner.java:808)
at org.testng.TestRunner.run(TestRunner.java:603)
at org.testng.SuiteRunner.runTest(SuiteRunner.java:429)
at org.testng.SuiteRunner.runSequentially(SuiteRunner.java:423)
at org.testng.SuiteRunner.privateRun(SuiteRunner.java:383)
at org.testng.SuiteRunner.run(SuiteRunner.java:326)
at org.testng.SuiteRunnerWorker.runSuite(SuiteRunnerWorker.java:52)
at org.testng.SuiteRunnerWorker.run(SuiteRunnerWorker.java:95)
at org.testng.TestNG.runSuitesSequentially(TestNG.java:1249)
at org.testng.TestNG.runSuitesLocally(TestNG.java:1169)
at org.testng.TestNG.runSuites(TestNG.java:1092)
at org.testng.TestNG.run(TestNG.java:1060)
at org.apache.maven.surefire.testng.TestNGExecutor.run(TestNGExecutor.java:308)
at org.apache.maven.surefire.testng.TestNGXmlTestSuite.execute(TestNGXmlTestSuite.java:71)
at org.apache.maven.surefire.testng.TestNGProvider.invoke(TestNGProvider.java:113)
at org.apache.maven.surefire.booter.ForkedBooter.runSuitesInProcess(ForkedBooter.java:385)
at org.apache.maven.surefire.booter.ForkedBooter.execute(ForkedBooter.java:162)
at org.apache.maven.surefire.booter.ForkedBooter.run(ForkedBooter.java:507)
at org.apache.maven.surefire.booter.ForkedBooter.main(ForkedBooter.java:495)
]]>
            </full-stacktrace>
          </exception> <!-- org.openqa.selenium.UnhandledAlertException -->
          <reporter-output>
          </reporter-output>
        </test-method> <!-- CreateNewOrgWithGroupRadio -->
        <test-method is-config="true" signature="bmConfig()[pri:0, instance:OrganizationsTests.TestCreateOrgRecord@2f177a4b]" started-at="2024-01-05T10:44:10 IST" name="bmConfig" finished-at="2024-01-05T10:44:10 IST" duration-ms="573" status="PASS">
          <reporter-output>
          </reporter-output>
        </test-method> <!-- bmConfig -->
        <test-method is-config="true" signature="acConfig()[pri:0, instance:OrganizationsTests.TestCreateOrgRecord@2f177a4b]" started-at="2024-01-05T10:44:12 IST" name="acConfig" finished-at="2024-01-05T10:44:12 IST" duration-ms="171" status="PASS">
          <reporter-output>
          </reporter-output>
        </test-method> <!-- acConfig -->
      </class> <!-- OrganizationsTests.TestCreateOrgRecord -->
    </test> <!-- Test -->
  </suite> <!-- Suite -->
</testng-results>
