<?xml version="1.0" encoding="UTF-8"?>
<testng-results skipped="0" failed="1" ignored="6" total="10" passed="3">
  <reporter-output>
  </reporter-output>
  <suite name="Suite" duration-ms="22521" started-at="2024-01-22T17:44:33 IST" finished-at="2024-01-22T17:44:55 IST">
    <groups>
      <group name="RegressionSuite">
        <method signature="TestCreateContact.createContactwithLastname()[pri:0, instance:contactTests.TestCreateContact@17211155]" name="createContactwithLastname" class="contactTests.TestCreateContact"/>
        <method signature="TestCreateOrgRecord.CreateNewOrgWithGroupRadio()[pri:0, instance:OrganizationsTests.TestCreateOrgRecord@3b94d659]" name="CreateNewOrgWithGroupRadio" class="OrganizationsTests.TestCreateOrgRecord"/>
      </group> <!-- RegressionSuite -->
      <group name="SmokeSuite">
        <method signature="TestCreateContactWithLeadSource.CreateContactWithLeadSourcetest()[pri:0, instance:contactTests.TestCreateContactWithLeadSource@52525845]" name="CreateContactWithLeadSourcetest" class="contactTests.TestCreateContactWithLeadSource"/>
        <method signature="TestCreateLeadRecord.CreateLeadWithMandDeatails()[pri:0, instance:leadTests.TestCreateLeadRecord@5123a213]" name="CreateLeadWithMandDeatails" class="leadTests.TestCreateLeadRecord"/>
      </group> <!-- SmokeSuite -->
    </groups>
    <test name="Test" duration-ms="22521" started-at="2024-01-22T17:44:33 IST" finished-at="2024-01-22T17:44:55 IST">
      <class name="leadTests.TestCreateLeadRecord">
        <test-method status="PASS" signature="bcconfig()[pri:0, instance:leadTests.TestCreateLeadRecord@5123a213]" name="bcconfig" is-config="true" duration-ms="1830" started-at="2024-01-22T17:44:43 IST" finished-at="2024-01-22T17:44:45 IST">
          <reporter-output>
          </reporter-output>
        </test-method> <!-- bcconfig -->
        <test-method status="PASS" signature="bmConfig()[pri:0, instance:leadTests.TestCreateLeadRecord@5123a213]" name="bmConfig" is-config="true" duration-ms="527" started-at="2024-01-22T17:44:45 IST" finished-at="2024-01-22T17:44:46 IST">
          <reporter-output>
          </reporter-output>
        </test-method> <!-- bmConfig -->
        <test-method status="PASS" signature="CreateLeadWithMandDeatails()[pri:0, instance:leadTests.TestCreateLeadRecord@5123a213]" name="CreateLeadWithMandDeatails" duration-ms="1247" started-at="2024-01-22T17:44:46 IST" finished-at="2024-01-22T17:44:47 IST">
          <reporter-output>
          </reporter-output>
        </test-method> <!-- CreateLeadWithMandDeatails -->
        <test-method status="PASS" signature="amConfig()[pri:0, instance:leadTests.TestCreateLeadRecord@5123a213]" name="amConfig" is-config="true" duration-ms="282" started-at="2024-01-22T17:44:47 IST" finished-at="2024-01-22T17:44:47 IST">
          <reporter-output>
          </reporter-output>
        </test-method> <!-- amConfig -->
        <test-method status="PASS" signature="acConfig()[pri:0, instance:leadTests.TestCreateLeadRecord@5123a213]" name="acConfig" is-config="true" duration-ms="167" started-at="2024-01-22T17:44:47 IST" finished-at="2024-01-22T17:44:47 IST">
          <reporter-output>
          </reporter-output>
        </test-method> <!-- acConfig -->
      </class> <!-- leadTests.TestCreateLeadRecord -->
      <class name="contactTests.TestCreateContactWithLeadSource">
        <test-method status="PASS" signature="bcconfig()[pri:0, instance:contactTests.TestCreateContactWithLeadSource@52525845]" name="bcconfig" is-config="true" duration-ms="1796" started-at="2024-01-22T17:44:47 IST" finished-at="2024-01-22T17:44:49 IST">
          <reporter-output>
          </reporter-output>
        </test-method> <!-- bcconfig -->
        <test-method status="PASS" signature="bmConfig()[pri:0, instance:contactTests.TestCreateContactWithLeadSource@52525845]" name="bmConfig" is-config="true" duration-ms="481" started-at="2024-01-22T17:44:49 IST" finished-at="2024-01-22T17:44:50 IST">
          <reporter-output>
          </reporter-output>
        </test-method> <!-- bmConfig -->
        <test-method status="PASS" signature="CreateContactWithLeadSourcetest()[pri:0, instance:contactTests.TestCreateContactWithLeadSource@52525845]" name="CreateContactWithLeadSourcetest" duration-ms="1229" started-at="2024-01-22T17:44:50 IST" finished-at="2024-01-22T17:44:51 IST">
          <reporter-output>
          </reporter-output>
        </test-method> <!-- CreateContactWithLeadSourcetest -->
        <test-method status="PASS" signature="amConfig()[pri:0, instance:contactTests.TestCreateContactWithLeadSource@52525845]" name="amConfig" is-config="true" duration-ms="275" started-at="2024-01-22T17:44:51 IST" finished-at="2024-01-22T17:44:51 IST">
          <reporter-output>
          </reporter-output>
        </test-method> <!-- amConfig -->
        <test-method status="PASS" signature="acConfig()[pri:0, instance:contactTests.TestCreateContactWithLeadSource@52525845]" name="acConfig" is-config="true" duration-ms="171" started-at="2024-01-22T17:44:51 IST" finished-at="2024-01-22T17:44:51 IST">
          <reporter-output>
          </reporter-output>
        </test-method> <!-- acConfig -->
      </class> <!-- contactTests.TestCreateContactWithLeadSource -->
      <class name="contactTests.TestCreateContact">
        <test-method status="PASS" signature="dbConnection()[pri:0, instance:contactTests.TestCreateContact@17211155]" name="dbConnection" is-config="true" duration-ms="7" started-at="2024-01-22T17:44:33 IST" finished-at="2024-01-22T17:44:33 IST">
          <reporter-output>
          </reporter-output>
        </test-method> <!-- dbConnection -->
        <test-method status="PASS" signature="bcconfig()[pri:0, instance:contactTests.TestCreateContact@17211155]" name="bcconfig" is-config="true" duration-ms="7865" started-at="2024-01-22T17:44:33 IST" finished-at="2024-01-22T17:44:41 IST">
          <reporter-output>
          </reporter-output>
        </test-method> <!-- bcconfig -->
        <test-method status="PASS" signature="bmConfig()[pri:0, instance:contactTests.TestCreateContact@17211155]" name="bmConfig" is-config="true" duration-ms="511" started-at="2024-01-22T17:44:41 IST" finished-at="2024-01-22T17:44:41 IST">
          <reporter-output>
          </reporter-output>
        </test-method> <!-- bmConfig -->
        <test-method status="PASS" signature="createContactwithLastname()[pri:0, instance:contactTests.TestCreateContact@17211155]" name="createContactwithLastname" duration-ms="1627" started-at="2024-01-22T17:44:41 IST" finished-at="2024-01-22T17:44:43 IST">
          <reporter-output>
          </reporter-output>
        </test-method> <!-- createContactwithLastname -->
        <test-method status="PASS" signature="amConfig()[pri:0, instance:contactTests.TestCreateContact@17211155]" name="amConfig" is-config="true" duration-ms="294" started-at="2024-01-22T17:44:43 IST" finished-at="2024-01-22T17:44:43 IST">
          <reporter-output>
          </reporter-output>
        </test-method> <!-- amConfig -->
        <test-method status="PASS" signature="acConfig()[pri:0, instance:contactTests.TestCreateContact@17211155]" name="acConfig" is-config="true" duration-ms="170" started-at="2024-01-22T17:44:43 IST" finished-at="2024-01-22T17:44:43 IST">
          <reporter-output>
          </reporter-output>
        </test-method> <!-- acConfig -->
        <test-method status="PASS" signature="asConfig()[pri:0, instance:contactTests.TestCreateContact@17211155]" name="asConfig" is-config="true" duration-ms="0" started-at="2024-01-22T17:45:00 IST" finished-at="2024-01-22T17:45:00 IST">
          <reporter-output>
          </reporter-output>
        </test-method> <!-- asConfig -->
      </class> <!-- contactTests.TestCreateContact -->
      <class name="OrganizationsTests.TestCreateOrgRecord">
        <test-method status="PASS" signature="bcconfig()[pri:0, instance:OrganizationsTests.TestCreateOrgRecord@3b94d659]" name="bcconfig" is-config="true" duration-ms="1791" started-at="2024-01-22T17:44:51 IST" finished-at="2024-01-22T17:44:53 IST">
          <reporter-output>
          </reporter-output>
        </test-method> <!-- bcconfig -->
        <test-method status="PASS" signature="bmConfig()[pri:0, instance:OrganizationsTests.TestCreateOrgRecord@3b94d659]" name="bmConfig" is-config="true" duration-ms="494" started-at="2024-01-22T17:44:53 IST" finished-at="2024-01-22T17:44:54 IST">
          <reporter-output>
          </reporter-output>
        </test-method> <!-- bmConfig -->
        <test-method status="FAIL" signature="CreateNewOrgWithGroupRadio()[pri:0, instance:OrganizationsTests.TestCreateOrgRecord@3b94d659]" name="CreateNewOrgWithGroupRadio" duration-ms="1501" started-at="2024-01-22T17:44:53 IST" finished-at="2024-01-22T17:44:55 IST">
          <exception class="org.openqa.selenium.UnhandledAlertException">
            <message>
              <![CDATA[unexpected alert open: {Alert text : Organization Name Already Exists!}
  (Session info: MicrosoftEdge=120.0.2210.144): Organization Name Already Exists!
Build info: version: '4.12.1', revision: '8e34639b11'
System info: os.name: 'Mac OS X', os.arch: 'x86_64', os.version: '12.7.2', java.version: '1.8.0_371'
Driver info: org.openqa.selenium.edge.EdgeDriver
Command: [3ac2757a8134c73a7fd074d95f342228, screenshot {}]
Capabilities {acceptInsecureCerts: false, browserName: MicrosoftEdge, browserVersion: 120.0.2210.144, fedcm:accounts: true, ms:edgeOptions: {debuggerAddress: localhost:64599}, msedge: {msedgedriverVersion: 120.0.2210.144 (cbca972d598..., userDataDir: /var/folders/gf/s2ndh_4n6_d...}, networkConnectionEnabled: false, pageLoadStrategy: normal, platformName: mac, proxy: Proxy(), se:cdp: ws://localhost:64599/devtoo..., se:cdpVersion: 120.0.2210.144, setWindowRect: true, strictFileInteractability: false, timeouts: {implicit: 0, pageLoad: 300000, script: 30000}, unhandledPromptBehavior: dismiss and notify, webauthn:extension:credBlob: true, webauthn:extension:largeBlob: true, webauthn:extension:minPinLength: true, webauthn:extension:prf: true, webauthn:virtualAuthenticators: true}
Session ID: 3ac2757a8134c73a7fd074d95f342228]]>
            </message>
            <full-stacktrace>
              <![CDATA[org.openqa.selenium.UnhandledAlertException: unexpected alert open: {Alert text : Organization Name Already Exists!}
  (Session info: MicrosoftEdge=120.0.2210.144): Organization Name Already Exists!
Build info: version: '4.12.1', revision: '8e34639b11'
System info: os.name: 'Mac OS X', os.arch: 'x86_64', os.version: '12.7.2', java.version: '1.8.0_371'
Driver info: org.openqa.selenium.edge.EdgeDriver
Command: [3ac2757a8134c73a7fd074d95f342228, screenshot {}]
Capabilities {acceptInsecureCerts: false, browserName: MicrosoftEdge, browserVersion: 120.0.2210.144, fedcm:accounts: true, ms:edgeOptions: {debuggerAddress: localhost:64599}, msedge: {msedgedriverVersion: 120.0.2210.144 (cbca972d598..., userDataDir: /var/folders/gf/s2ndh_4n6_d...}, networkConnectionEnabled: false, pageLoadStrategy: normal, platformName: mac, proxy: Proxy(), se:cdp: ws://localhost:64599/devtoo..., se:cdpVersion: 120.0.2210.144, setWindowRect: true, strictFileInteractability: false, timeouts: {implicit: 0, pageLoad: 300000, script: 30000}, unhandledPromptBehavior: dismiss and notify, webauthn:extension:credBlob: true, webauthn:extension:largeBlob: true, webauthn:extension:minPinLength: true, webauthn:extension:prf: true, webauthn:virtualAuthenticators: true}
Session ID: 3ac2757a8134c73a7fd074d95f342228
at org.openqa.selenium.remote.codec.w3c.W3CHttpResponseCodec.decode(W3CHttpResponseCodec.java:131)
at org.openqa.selenium.remote.codec.w3c.W3CHttpResponseCodec.decode(W3CHttpResponseCodec.java:52)
at org.openqa.selenium.remote.HttpCommandExecutor.execute(HttpCommandExecutor.java:191)
at org.openqa.selenium.remote.service.DriverCommandExecutor.invokeExecute(DriverCommandExecutor.java:196)
at org.openqa.selenium.remote.service.DriverCommandExecutor.execute(DriverCommandExecutor.java:171)
at org.openqa.selenium.remote.RemoteWebDriver.execute(RemoteWebDriver.java:602)
at org.openqa.selenium.remote.RemoteWebDriver.execute(RemoteWebDriver.java:675)
at org.openqa.selenium.remote.RemoteWebDriver.execute(RemoteWebDriver.java:679)
at org.openqa.selenium.remote.RemoteWebDriver.getScreenshotAs(RemoteWebDriver.java:325)
at genericUtilities.SeleniumUtility.captureScreenShot(SeleniumUtility.java:253)
at genericUtilities.ListenersImplimentation.onTestFailure(ListenersImplimentation.java:50)
at org.testng.internal.TestListenerHelper.runTestListeners(TestListenerHelper.java:96)
at org.testng.internal.TestInvoker.runTestResultListener(TestInvoker.java:219)
at org.testng.internal.TestInvoker.invokeMethod(TestInvoker.java:656)
at org.testng.internal.TestInvoker.invokeTestMethod(TestInvoker.java:173)
at org.testng.internal.MethodRunner.runInSequence(MethodRunner.java:46)
at org.testng.internal.TestInvoker$MethodInvocationAgent.invoke(TestInvoker.java:824)
at org.testng.internal.TestInvoker.invokeTestMethods(TestInvoker.java:146)
at org.testng.internal.TestMethodWorker.invokeTestMethods(TestMethodWorker.java:146)
at org.testng.internal.TestMethodWorker.run(TestMethodWorker.java:128)
at java.util.ArrayList.forEach(ArrayList.java:1259)
at org.testng.TestRunner.privateRun(TestRunner.java:794)
at org.testng.TestRunner.run(TestRunner.java:596)
at org.testng.SuiteRunner.runTest(SuiteRunner.java:377)
at org.testng.SuiteRunner.runSequentially(SuiteRunner.java:371)
at org.testng.SuiteRunner.privateRun(SuiteRunner.java:332)
at org.testng.SuiteRunner.run(SuiteRunner.java:276)
at org.testng.SuiteRunnerWorker.runSuite(SuiteRunnerWorker.java:53)
at org.testng.SuiteRunnerWorker.run(SuiteRunnerWorker.java:96)
at org.testng.TestNG.runSuitesSequentially(TestNG.java:1212)
at org.testng.TestNG.runSuitesLocally(TestNG.java:1134)
at org.testng.TestNG.runSuites(TestNG.java:1063)
at org.testng.TestNG.run(TestNG.java:1031)
at org.testng.remote.AbstractRemoteTestNG.run(AbstractRemoteTestNG.java:115)
at org.testng.remote.RemoteTestNG.initAndRun(RemoteTestNG.java:251)
at org.testng.remote.RemoteTestNG.main(RemoteTestNG.java:77)
]]>
            </full-stacktrace>
          </exception> <!-- org.openqa.selenium.UnhandledAlertException -->
          <reporter-output>
          </reporter-output>
        </test-method> <!-- CreateNewOrgWithGroupRadio -->
        <test-method status="PASS" signature="acConfig()[pri:0, instance:OrganizationsTests.TestCreateOrgRecord@3b94d659]" name="acConfig" is-config="true" duration-ms="160" started-at="2024-01-22T17:44:55 IST" finished-at="2024-01-22T17:44:55 IST">
          <reporter-output>
          </reporter-output>
        </test-method> <!-- acConfig -->
      </class> <!-- OrganizationsTests.TestCreateOrgRecord -->
    </test> <!-- Test -->
  </suite> <!-- Suite -->
</testng-results>
