<?xml version="1.0" encoding="UTF-8"?>
<testng-results ignored="0" total="1" passed="1" failed="0" skipped="0">
  <reporter-output>
  </reporter-output>
  <suite started-at="2023-12-27T18:41:14 IST" name="Default suite" finished-at="2023-12-27T18:41:22 IST" duration-ms="7517">
    <groups>
    </groups>
    <test started-at="2023-12-27T18:41:14 IST" name="Default test" finished-at="2023-12-27T18:41:22 IST" duration-ms="7517">
      <class name="practice.CalenderPopup">
        <test-method signature="calenderpopuptest()[pri:0, instance:practice.CalenderPopup@101952da]" started-at="2023-12-27T18:41:14 IST" name="calenderpopuptest" finished-at="2023-12-27T18:41:22 IST" duration-ms="7464" status="PASS">
          <reporter-output>
          </reporter-output>
        </test-method> <!-- calenderpopuptest -->
      </class> <!-- practice.CalenderPopup -->
    </test> <!-- Default test -->
  </suite> <!-- Default suite -->
</testng-results>
